c:\users\r026405b\desktop\advancedai student copy 23.03.02\advancedai student copy 23.03\advancedai student copy\gameai\debug\vc140.pdb
c:\users\r026405b\desktop\advancedai student copy 23.03.02\advancedai student copy 23.03\advancedai student copy\gameai\debug\vc140.idb
c:\users\r026405b\desktop\advancedai student copy 23.03.02\advancedai student copy 23.03\advancedai student copy\gameai\debug\gamescreenmanager.obj
c:\users\r026405b\desktop\advancedai student copy 23.03.02\advancedai student copy 23.03\advancedai student copy\gameai\debug\geneticalgorithm.obj
c:\users\r026405b\desktop\advancedai student copy 23.03.02\advancedai student copy 23.03\advancedai student copy\gameai\debug\gamescreen_lunar.obj
c:\users\r026405b\desktop\advancedai student copy 23.03.02\advancedai student copy 23.03\advancedai student copy\gameai\debug\lunarlander.obj
c:\users\r026405b\desktop\advancedai student copy 23.03.02\advancedai student copy 23.03\advancedai student copy\gameai\debug\neuralnetwork.obj
c:\users\r026405b\desktop\advancedai student copy 23.03.02\advancedai student copy 23.03\advancedai student copy\gameai\debug\character.obj
c:\users\r026405b\desktop\advancedai student copy 23.03.02\advancedai student copy 23.03\advancedai student copy\gameai\debug\characterbub.obj
c:\users\r026405b\desktop\advancedai student copy 23.03.02\advancedai student copy 23.03\advancedai student copy\gameai\debug\charactercaterpillar.obj
c:\users\r026405b\desktop\advancedai student copy 23.03.02\advancedai student copy 23.03\advancedai student copy\gameai\debug\characterchest.obj
c:\users\r026405b\desktop\advancedai student copy 23.03.02\advancedai student copy 23.03\advancedai student copy\gameai\debug\characterfruit.obj
c:\users\r026405b\desktop\advancedai student copy 23.03.02\advancedai student copy 23.03\advancedai student copy\gameai\debug\characterrainbow.obj
c:\users\r026405b\desktop\advancedai student copy 23.03.02\advancedai student copy 23.03\advancedai student copy\gameai\debug\gamescreen_rainbowislands.obj
c:\users\r026405b\desktop\advancedai student copy 23.03.02\advancedai student copy 23.03\advancedai student copy\gameai\debug\levelmap.obj
c:\users\r026405b\desktop\advancedai student copy 23.03.02\advancedai student copy 23.03\advancedai student copy\gameai\debug\virtualjoypad.obj
c:\users\r026405b\desktop\advancedai student copy 23.03.02\advancedai student copy 23.03\advancedai student copy\gameai\debug\source.obj
c:\users\r026405b\desktop\advancedai student copy 23.03.02\advancedai student copy 23.03\advancedai student copy\gameai\debug\texture2d.obj
c:\users\r026405b\desktop\advancedai student copy 23.03.02\advancedai student copy 23.03\advancedai student copy\gameai\debug\tinystr.obj
c:\users\r026405b\desktop\advancedai student copy 23.03.02\advancedai student copy 23.03\advancedai student copy\gameai\debug\tinyxml.obj
c:\users\r026405b\desktop\advancedai student copy 23.03.02\advancedai student copy 23.03\advancedai student copy\gameai\debug\tinyxmlerror.obj
c:\users\r026405b\desktop\advancedai student copy 23.03.02\advancedai student copy 23.03\advancedai student copy\gameai\debug\tinyxmlparser.obj
c:\users\r026405b\desktop\advancedai student copy 23.03.02\advancedai student copy 23.03\advancedai student copy\gameai\debug\chessclosings.obj
c:\users\r026405b\desktop\advancedai student copy 23.03.02\advancedai student copy 23.03\advancedai student copy\gameai\debug\chessplayerai.obj
c:\users\r026405b\desktop\advancedai student copy 23.03.02\advancedai student copy 23.03\advancedai student copy\gameai\debug\chessmovemanager.obj
c:\users\r026405b\desktop\advancedai student copy 23.03.02\advancedai student copy 23.03\advancedai student copy\gameai\debug\chessopenings.obj
c:\users\r026405b\desktop\advancedai student copy 23.03.02\advancedai student copy 23.03\advancedai student copy\gameai\debug\gamescreen_chess.obj
c:\users\r026405b\desktop\advancedai student copy 23.03.02\advancedai student copy 23.03\advancedai student copy\gameai\debug\chessplayer.obj
c:\users\r026405b\desktop\advancedai student copy 23.03.02\advancedai student copy 23.03\advancedai student copy\gameai\debug\collisions.obj
c:\users\r026405b\desktop\advancedai student copy 23.03.02\advancedai student copy 23.03\advancedai student copy\gameai\debug\gamescreen_conway.obj
c:\users\r026405b\desktop\advancedai student copy 23.03.02\advancedai student copy 23.03\advancedai student copy\gameai\debug\gamescreen.obj
c:\users\r026405b\desktop\advancedai student copy 23.03.02\advancedai student copy 23.03\advancedai student copy\debug\gameai.ilk
c:\users\r026405b\desktop\advancedai student copy 23.03.02\advancedai student copy 23.03\advancedai student copy\debug\gameai.exe
c:\users\r026405b\desktop\advancedai student copy 23.03.02\advancedai student copy 23.03\advancedai student copy\debug\gameai.pdb
c:\users\r026405b\desktop\advancedai student copy 23.03.02\advancedai student copy 23.03\advancedai student copy\gameai\debug\gameai.tlog\cl.command.1.tlog
c:\users\r026405b\desktop\advancedai student copy 23.03.02\advancedai student copy 23.03\advancedai student copy\gameai\debug\gameai.tlog\cl.read.1.tlog
c:\users\r026405b\desktop\advancedai student copy 23.03.02\advancedai student copy 23.03\advancedai student copy\gameai\debug\gameai.tlog\cl.write.1.tlog
c:\users\r026405b\desktop\advancedai student copy 23.03.02\advancedai student copy 23.03\advancedai student copy\gameai\debug\gameai.tlog\link.command.1.tlog
c:\users\r026405b\desktop\advancedai student copy 23.03.02\advancedai student copy 23.03\advancedai student copy\gameai\debug\gameai.tlog\link.read.1.tlog
c:\users\r026405b\desktop\advancedai student copy 23.03.02\advancedai student copy 23.03\advancedai student copy\gameai\debug\gameai.tlog\link.write.1.tlog
